2018-01-21 01:53:57,197 ERROR 212 nodejs.ClusterClientNoResponseError: client no response in 884155ms exceeding maxIdleTime 60000ms, maybe the connection is close on other side.
    at Timeout.Leader._heartbeatTimer.setInterval [as _onTimeout] (/webapp/node_modules/_cluster-client@1.7.1@cluster-client/lib/leader.js:73:23)
    at ontimeout (timers.js:475:11)
    at tryOnTimeout (timers.js:310:5)
    at Timer.listOnTimeout (timers.js:270:5)
name: 'ClusterClientNoResponseError'
pid: 212
hostname: 1c9fd7921a1c

2018-01-21 02:39:25,327 ERROR 431 [-/127.0.0.1/-/9ms GET /ops] nodejs.ReferenceError: docker is not defined
    at OpsController.index (/webapp/app/controller/ops.js:10:9)
    at Object.callFn (/webapp/node_modules/_egg-core@4.4.0@egg-core/lib/utils/index.js:44:21)
    at Object.classControllerMiddleware (/webapp/node_modules/_egg-core@4.4.0@egg-core/lib/loader/mixin/controller.js:84:20)
    at Object.callFn (/webapp/node_modules/_egg-core@4.4.0@egg-core/lib/utils/index.js:44:21)
    at wrappedController (/webapp/node_modules/_egg-core@4.4.0@egg-core/lib/utils/router.js:322:18)
    at dispatch (/webapp/node_modules/_koa-compose@3.2.1@koa-compose/index.js:44:32)
    at next (/webapp/node_modules/_koa-compose@3.2.1@koa-compose/index.js:45:18)
    at /webapp/node_modules/_koa-router@7.3.0@koa-router/lib/router.js:345:16
    at dispatch (/webapp/node_modules/_koa-compose@3.2.1@koa-compose/index.js:44:32)
    at /webapp/node_modules/_koa-compose@3.2.1@koa-compose/index.js:36:12

pid: 431
hostname: 1c9fd7921a1c

2018-01-21 02:40:09,780 ERROR 431 [-/127.0.0.1/-/1ms GET /ops] nodejs.ReferenceError: docker is not defined
    at OpsController.index (/webapp/app/controller/ops.js:10:9)
    at Object.callFn (/webapp/node_modules/_egg-core@4.4.0@egg-core/lib/utils/index.js:44:21)
    at Object.classControllerMiddleware (/webapp/node_modules/_egg-core@4.4.0@egg-core/lib/loader/mixin/controller.js:84:20)
    at Object.callFn (/webapp/node_modules/_egg-core@4.4.0@egg-core/lib/utils/index.js:44:21)
    at wrappedController (/webapp/node_modules/_egg-core@4.4.0@egg-core/lib/utils/router.js:322:18)
    at dispatch (/webapp/node_modules/_koa-compose@3.2.1@koa-compose/index.js:44:32)
    at next (/webapp/node_modules/_koa-compose@3.2.1@koa-compose/index.js:45:18)
    at /webapp/node_modules/_koa-router@7.3.0@koa-router/lib/router.js:345:16
    at dispatch (/webapp/node_modules/_koa-compose@3.2.1@koa-compose/index.js:44:32)
    at /webapp/node_modules/_koa-compose@3.2.1@koa-compose/index.js:36:12

pid: 431
hostname: 1c9fd7921a1c

2018-01-21 02:40:17,116 ERROR 441 nodejs.unhandledRejectionError: connect ENOENT /var/run/docker.sock
    at Object._errnoException (util.js:1022:11)
    at _exceptionWithHostPort (util.js:1044:20)
    at PipeConnectWrap.afterConnect [as oncomplete] (net.js:1182:14)
code: 'ENOENT'
errno: 'ENOENT'
syscall: 'connect'
address: '/var/run/docker.sock'
name: 'unhandledRejectionError'
pid: 441
hostname: 1c9fd7921a1c

2018-01-21 10:40:45,365 ERROR 40324 nodejs.unhandledRejectionError: (HTTP code 404) no such container - No such image: ubuntu:latest 
    at /Users/nanda221/Code/one-console/node_modules/_docker-modem@1.0.4@docker-modem/lib/modem.js:254:17
    at getCause (/Users/nanda221/Code/one-console/node_modules/_docker-modem@1.0.4@docker-modem/lib/modem.js:284:7)
    at Modem.buildPayload (/Users/nanda221/Code/one-console/node_modules/_docker-modem@1.0.4@docker-modem/lib/modem.js:253:5)
    at IncomingMessage.<anonymous> (/Users/nanda221/Code/one-console/node_modules/_docker-modem@1.0.4@docker-modem/lib/modem.js:229:14)
    at emitNone (events.js:111:20)
    at IncomingMessage.emit (events.js:208:7)
    at endReadableNT (_stream_readable.js:1055:12)
    at _combinedTickCallback (internal/process/next_tick.js:138:11)
    at process._tickCallback (internal/process/next_tick.js:180:9)
reason: 'no such container'
statusCode: 404
json: { message: 'No such image: ubuntu:latest' }
name: 'unhandledRejectionError'
pid: 40324
hostname: nanda221deMacBook-Pro.local

2018-01-21 10:52:05,730 ERROR 40484 [-/127.0.0.1/-/6ms GET /ops] nodejs.ReferenceError: docker is not defined
    at OpsController.index (/Users/nanda221/Code/one-console/app/controller/ops.js:10:9)
    at Object.callFn (/Users/nanda221/Code/one-console/node_modules/_egg-core@4.4.0@egg-core/lib/utils/index.js:44:21)
    at Object.classControllerMiddleware (/Users/nanda221/Code/one-console/node_modules/_egg-core@4.4.0@egg-core/lib/loader/mixin/controller.js:84:20)
    at Object.callFn (/Users/nanda221/Code/one-console/node_modules/_egg-core@4.4.0@egg-core/lib/utils/index.js:44:21)
    at wrappedController (/Users/nanda221/Code/one-console/node_modules/_egg-core@4.4.0@egg-core/lib/utils/router.js:322:18)
    at dispatch (/Users/nanda221/Code/one-console/node_modules/_koa-compose@3.2.1@koa-compose/index.js:44:32)
    at next (/Users/nanda221/Code/one-console/node_modules/_koa-compose@3.2.1@koa-compose/index.js:45:18)
    at /Users/nanda221/Code/one-console/node_modules/_koa-router@7.3.0@koa-router/lib/router.js:345:16
    at dispatch (/Users/nanda221/Code/one-console/node_modules/_koa-compose@3.2.1@koa-compose/index.js:44:32)
    at /Users/nanda221/Code/one-console/node_modules/_koa-compose@3.2.1@koa-compose/index.js:36:12

pid: 40484
hostname: nanda221deMacBook-Pro.local

2018-01-21 10:52:48,295 ERROR 40511 [-/127.0.0.1/-/9ms GET /ops] nodejs.ReferenceError: containers is not defined
    at OpsController.index (/Users/nanda221/Code/one-console/app/controller/ops.js:16:21)
    at Object.callFn (/Users/nanda221/Code/one-console/node_modules/_egg-core@4.4.0@egg-core/lib/utils/index.js:44:21)
    at Object.classControllerMiddleware (/Users/nanda221/Code/one-console/node_modules/_egg-core@4.4.0@egg-core/lib/loader/mixin/controller.js:84:20)
    at Object.callFn (/Users/nanda221/Code/one-console/node_modules/_egg-core@4.4.0@egg-core/lib/utils/index.js:44:21)
    at wrappedController (/Users/nanda221/Code/one-console/node_modules/_egg-core@4.4.0@egg-core/lib/utils/router.js:322:18)
    at dispatch (/Users/nanda221/Code/one-console/node_modules/_koa-compose@3.2.1@koa-compose/index.js:44:32)
    at next (/Users/nanda221/Code/one-console/node_modules/_koa-compose@3.2.1@koa-compose/index.js:45:18)
    at /Users/nanda221/Code/one-console/node_modules/_koa-router@7.3.0@koa-router/lib/router.js:345:16
    at dispatch (/Users/nanda221/Code/one-console/node_modules/_koa-compose@3.2.1@koa-compose/index.js:44:32)
    at /Users/nanda221/Code/one-console/node_modules/_koa-compose@3.2.1@koa-compose/index.js:36:12

pid: 40511
hostname: nanda221deMacBook-Pro.local

2018-01-21 12:22:48,087 ERROR 41839 [-/127.0.0.1/-/5ms GET /ops] nodejs.Error: Please set config.keys first
    at Application.get keys [as keys] (/Users/nanda221/Code/one-console/node_modules/_egg@2.2.0@egg/lib/application.js:239:15)
    at Object.get cookies [as cookies] (/Users/nanda221/Code/one-console/node_modules/_egg@2.2.0@egg/app/extend/context.js:18:66)
    at Object.get [egg-security#CSRF_SECRET] (/Users/nanda221/Code/one-console/node_modules/_egg-security@2.0.0@egg-security/app/extend/context.js:77:33)
    at Object.ensureCsrfSecret (/Users/nanda221/Code/one-console/node_modules/_egg-security@2.0.0@egg-security/app/extend/context.js:88:13)
    at csrf (/Users/nanda221/Code/one-console/node_modules/_egg-security@2.0.0@egg-security/lib/middlewares/csrf.js:14:9)
    at dispatch (/Users/nanda221/Code/one-console/node_modules/_koa-compose@4.0.0@koa-compose/index.js:42:32)
    at /Users/nanda221/Code/one-console/node_modules/_koa-compose@4.0.0@koa-compose/index.js:34:12
    at dispatch (/Users/nanda221/Code/one-console/node_modules/_koa-compose@4.0.0@koa-compose/index.js:42:32)
    at next (/Users/nanda221/Code/one-console/node_modules/_koa-compose@4.0.0@koa-compose/index.js:43:18)
    at session (/Users/nanda221/Code/one-console/node_modules/_koa-session@5.8.1@koa-session/index.js:41:13)

pid: 41839
hostname: nanda221deMacBook-Pro.local

2018-01-21 12:48:35,748 ERROR 41838 nodejs.ClusterClientNoResponseError: client no response in 1441072ms exceeding maxIdleTime 60000ms, maybe the connection is close on other side.
    at Timeout.Leader._heartbeatTimer.setInterval [as _onTimeout] (/Users/nanda221/Code/one-console/node_modules/_cluster-client@1.7.1@cluster-client/lib/leader.js:73:23)
    at ontimeout (timers.js:475:11)
    at tryOnTimeout (timers.js:310:5)
    at Timer.listOnTimeout (timers.js:270:5)
name: 'ClusterClientNoResponseError'
pid: 41838
hostname: nanda221deMacBook-Pro.local

2018-01-21 15:27:10,820 ERROR 42052 nodejs.ClusterClientNoResponseError: client no response in 1952902ms exceeding maxIdleTime 60000ms, maybe the connection is close on other side.
    at Timeout.Leader._heartbeatTimer.setInterval [as _onTimeout] (/Users/nanda221/Code/one-console/node_modules/_cluster-client@1.7.1@cluster-client/lib/leader.js:73:23)
    at ontimeout (timers.js:475:11)
    at tryOnTimeout (timers.js:310:5)
    at Timer.listOnTimeout (timers.js:270:5)
name: 'ClusterClientNoResponseError'
pid: 42052
hostname: nanda221deMacBook-Pro.local

2018-01-21 15:37:14,883 ERROR 42052 nodejs.ClusterClientNoResponseError: client no response in 564042ms exceeding maxIdleTime 60000ms, maybe the connection is close on other side.
    at Timeout.Leader._heartbeatTimer.setInterval [as _onTimeout] (/Users/nanda221/Code/one-console/node_modules/_cluster-client@1.7.1@cluster-client/lib/leader.js:73:23)
    at ontimeout (timers.js:475:11)
    at tryOnTimeout (timers.js:310:5)
    at Timer.listOnTimeout (timers.js:270:5)
name: 'ClusterClientNoResponseError'
pid: 42052
hostname: nanda221deMacBook-Pro.local

2018-01-21 16:00:39,351 ERROR 43126 [-/127.0.0.1/-/5ms GET /ops/new] nodejs.AssertionError [ERR_ASSERTION]: Can't find ops/new from /Users/nanda221/Code/one-console/app/view
    at Map.resolve (/Users/nanda221/Code/one-console/node_modules/_egg-view@2.0.0@egg-view/lib/view_manager.js:74:5)
    at <anonymous>
generatedMessage: false
name: 'AssertionError [ERR_ASSERTION]'
code: 'ERR_ASSERTION'
actual: undefined
expected: true
operator: '=='
pid: 43126
hostname: nanda221deMacBook-Pro.local

2018-01-21 16:05:20,383 ERROR 43126 [-/127.0.0.1/-/1ms GET /ops/new] nodejs.AssertionError [ERR_ASSERTION]: Can't find ops/new from /Users/nanda221/Code/one-console/app/view
    at Map.resolve (/Users/nanda221/Code/one-console/node_modules/_egg-view@2.0.0@egg-view/lib/view_manager.js:74:5)
    at <anonymous>
generatedMessage: false
name: 'AssertionError [ERR_ASSERTION]'
code: 'ERR_ASSERTION'
actual: undefined
expected: true
operator: '=='
pid: 43126
hostname: nanda221deMacBook-Pro.local

2018-01-21 16:05:39,606 ERROR 43126 [-/127.0.0.1/-/0ms GET /ops/new] nodejs.AssertionError [ERR_ASSERTION]: Can't find ops/new from /Users/nanda221/Code/one-console/app/view
    at Map.resolve (/Users/nanda221/Code/one-console/node_modules/_egg-view@2.0.0@egg-view/lib/view_manager.js:74:5)
    at <anonymous>
generatedMessage: false
name: 'AssertionError [ERR_ASSERTION]'
code: 'ERR_ASSERTION'
actual: undefined
expected: true
operator: '=='
pid: 43126
hostname: nanda221deMacBook-Pro.local

2018-01-21 16:07:27,168 ERROR 43713 [-/127.0.0.1/-/6ms GET /ops] nodejs.AssertionError [ERR_ASSERTION]: Can't find ops/new from /Users/nanda221/Code/one-console/app/view
    at Map.resolve (/Users/nanda221/Code/one-console/node_modules/_egg-view@2.0.0@egg-view/lib/view_manager.js:74:5)
    at <anonymous>
generatedMessage: false
name: 'AssertionError [ERR_ASSERTION]'
code: 'ERR_ASSERTION'
actual: undefined
expected: true
operator: '=='
pid: 43713
hostname: nanda221deMacBook-Pro.local

2018-01-21 16:07:28,170 ERROR 43713 [-/127.0.0.1/-/1ms GET /ops] nodejs.AssertionError [ERR_ASSERTION]: Can't find ops/new from /Users/nanda221/Code/one-console/app/view
    at Map.resolve (/Users/nanda221/Code/one-console/node_modules/_egg-view@2.0.0@egg-view/lib/view_manager.js:74:5)
    at <anonymous>
generatedMessage: false
name: 'AssertionError [ERR_ASSERTION]'
code: 'ERR_ASSERTION'
actual: undefined
expected: true
operator: '=='
pid: 43713
hostname: nanda221deMacBook-Pro.local

2018-01-21 16:07:29,329 ERROR 43713 [-/127.0.0.1/-/1ms GET /ops] nodejs.AssertionError [ERR_ASSERTION]: Can't find ops/new from /Users/nanda221/Code/one-console/app/view
    at Map.resolve (/Users/nanda221/Code/one-console/node_modules/_egg-view@2.0.0@egg-view/lib/view_manager.js:74:5)
    at <anonymous>
generatedMessage: false
name: 'AssertionError [ERR_ASSERTION]'
code: 'ERR_ASSERTION'
actual: undefined
expected: true
operator: '=='
pid: 43713
hostname: nanda221deMacBook-Pro.local

2018-01-21 16:07:31,913 ERROR 43713 [-/127.0.0.1/-/1ms GET /ops] nodejs.AssertionError [ERR_ASSERTION]: Can't find ops/new from /Users/nanda221/Code/one-console/app/view
    at Map.resolve (/Users/nanda221/Code/one-console/node_modules/_egg-view@2.0.0@egg-view/lib/view_manager.js:74:5)
    at <anonymous>
generatedMessage: false
name: 'AssertionError [ERR_ASSERTION]'
code: 'ERR_ASSERTION'
actual: undefined
expected: true
operator: '=='
pid: 43713
hostname: nanda221deMacBook-Pro.local

2018-01-21 16:07:46,234 ERROR 43713 [-/127.0.0.1/-/1ms GET /ops] nodejs.AssertionError [ERR_ASSERTION]: Can't find ops/new from /Users/nanda221/Code/one-console/app/view
    at Map.resolve (/Users/nanda221/Code/one-console/node_modules/_egg-view@2.0.0@egg-view/lib/view_manager.js:74:5)
    at <anonymous>
generatedMessage: false
name: 'AssertionError [ERR_ASSERTION]'
code: 'ERR_ASSERTION'
actual: undefined
expected: true
operator: '=='
pid: 43713
hostname: nanda221deMacBook-Pro.local

2018-01-21 16:08:40,689 ERROR 43760 [-/127.0.0.1/-/6ms GET /ops] nodejs.AssertionError [ERR_ASSERTION]: Can't find ops/new from /Users/nanda221/Code/one-console/app/view
    at Map.resolve (/Users/nanda221/Code/one-console/node_modules/_egg-view@2.0.0@egg-view/lib/view_manager.js:74:5)
    at <anonymous>
generatedMessage: false
name: 'AssertionError [ERR_ASSERTION]'
code: 'ERR_ASSERTION'
actual: undefined
expected: true
operator: '=='
pid: 43760
hostname: nanda221deMacBook-Pro.local

2018-01-21 16:09:10,199 ERROR 43787 [-/127.0.0.1/-/15ms GET /ops] nodejs.AssertionError [ERR_ASSERTION]: Can't find ops/index from /Users/nanda221/Code/one-console/app/view
    at Map.resolve (/Users/nanda221/Code/one-console/node_modules/_egg-view@2.0.0@egg-view/lib/view_manager.js:74:5)
    at <anonymous>
generatedMessage: false
name: 'AssertionError [ERR_ASSERTION]'
code: 'ERR_ASSERTION'
actual: undefined
expected: true
operator: '=='
pid: 43787
hostname: nanda221deMacBook-Pro.local

2018-01-21 16:45:17,769 ERROR 43759 nodejs.ClusterClientNoResponseError: client no response in 1185211ms exceeding maxIdleTime 60000ms, maybe the connection is close on other side.
    at Timeout.Leader._heartbeatTimer.setInterval [as _onTimeout] (/Users/nanda221/Code/one-console/node_modules/_cluster-client@1.7.1@cluster-client/lib/leader.js:73:23)
    at ontimeout (timers.js:475:11)
    at tryOnTimeout (timers.js:310:5)
    at Timer.listOnTimeout (timers.js:270:5)
name: 'ClusterClientNoResponseError'
pid: 43759
hostname: nanda221deMacBook-Pro.local

2018-01-21 17:28:28,966 ERROR 45158 [-/127.0.0.1/-/3ms GET /image/new] nodejs.AssertionError [ERR_ASSERTION]: Can't find screen/ops/new from /Users/nanda221/Code/one-console/app/view
    at Map.resolve (/Users/nanda221/Code/one-console/node_modules/_egg-view@2.0.0@egg-view/lib/view_manager.js:74:5)
    at <anonymous>
generatedMessage: false
name: 'AssertionError [ERR_ASSERTION]'
code: 'ERR_ASSERTION'
actual: undefined
expected: true
operator: '=='
pid: 45158
hostname: nanda221deMacBook-Pro.local

2018-01-21 17:48:35,210 ERROR 45491 [-/127.0.0.1/-/3ms GET /image/new?tag=egg:0.1] nodejs.Template render error: (/Users/nanda221/Code/one-console/app/view/screen/image/new.nj) [Line 5, Column 55]
  expected symbol, got pipe
  expected symbol, got pipe
    at Object.exports.prettifyError (/Users/nanda221/Code/one-console/node_modules/_nunjucks@3.0.1@nunjucks/src/lib.js:34:15)
    at new_cls.render (/Users/nanda221/Code/one-console/node_modules/_nunjucks@3.0.1@nunjucks/src/environment.js:472:27)
    at /Users/nanda221/Code/one-console/node_modules/_nunjucks@3.0.1@nunjucks/src/environment.js:313:35
    at createTemplate (/Users/nanda221/Code/one-console/node_modules/_nunjucks@3.0.1@nunjucks/src/environment.js:235:25)
    at handle (/Users/nanda221/Code/one-console/node_modules/_nunjucks@3.0.1@nunjucks/src/environment.js:250:25)
    at /Users/nanda221/Code/one-console/node_modules/_nunjucks@3.0.1@nunjucks/src/environment.js:264:21
    at next (/Users/nanda221/Code/one-console/node_modules/_nunjucks@3.0.1@nunjucks/src/lib.js:207:13)
    at Object.exports.asyncIter (/Users/nanda221/Code/one-console/node_modules/_nunjucks@3.0.1@nunjucks/src/lib.js:214:5)
    at NunjucksEnvironment.getTemplate (/Users/nanda221/Code/one-console/node_modules/_nunjucks@3.0.1@nunjucks/src/environment.js:243:17)
    at NunjucksEnvironment.render (/Users/nanda221/Code/one-console/node_modules/_nunjucks@3.0.1@nunjucks/src/environment.js:305:14)
name: 'Template render error'
pid: 45491
hostname: nanda221deMacBook-Pro.local

2018-01-21 17:48:36,467 ERROR 45491 [-/127.0.0.1/-/2ms GET /image/new?tag=egg:0.1] nodejs.Template render error: (/Users/nanda221/Code/one-console/app/view/screen/image/new.nj) [Line 5, Column 55]
  expected symbol, got pipe
  expected symbol, got pipe
    at Object.exports.prettifyError (/Users/nanda221/Code/one-console/node_modules/_nunjucks@3.0.1@nunjucks/src/lib.js:34:15)
    at new_cls.render (/Users/nanda221/Code/one-console/node_modules/_nunjucks@3.0.1@nunjucks/src/environment.js:472:27)
    at /Users/nanda221/Code/one-console/node_modules/_nunjucks@3.0.1@nunjucks/src/environment.js:313:35
    at createTemplate (/Users/nanda221/Code/one-console/node_modules/_nunjucks@3.0.1@nunjucks/src/environment.js:235:25)
    at handle (/Users/nanda221/Code/one-console/node_modules/_nunjucks@3.0.1@nunjucks/src/environment.js:250:25)
    at /Users/nanda221/Code/one-console/node_modules/_nunjucks@3.0.1@nunjucks/src/environment.js:264:21
    at next (/Users/nanda221/Code/one-console/node_modules/_nunjucks@3.0.1@nunjucks/src/lib.js:207:13)
    at Object.exports.asyncIter (/Users/nanda221/Code/one-console/node_modules/_nunjucks@3.0.1@nunjucks/src/lib.js:214:5)
    at NunjucksEnvironment.getTemplate (/Users/nanda221/Code/one-console/node_modules/_nunjucks@3.0.1@nunjucks/src/environment.js:243:17)
    at NunjucksEnvironment.render (/Users/nanda221/Code/one-console/node_modules/_nunjucks@3.0.1@nunjucks/src/environment.js:305:14)
name: 'Template render error'
pid: 45491
hostname: nanda221deMacBook-Pro.local

2018-01-21 17:53:20,296 ERROR 45491 [-/127.0.0.1/-/1ms GET /image/new?tag=egg:0.1] nodejs.Template render error: (/Users/nanda221/Code/one-console/app/view/screen/image/new.nj) [Line 5, Column 55]
  expected symbol, got pipe
  expected symbol, got pipe
    at Object.exports.prettifyError (/Users/nanda221/Code/one-console/node_modules/_nunjucks@3.0.1@nunjucks/src/lib.js:34:15)
    at new_cls.render (/Users/nanda221/Code/one-console/node_modules/_nunjucks@3.0.1@nunjucks/src/environment.js:472:27)
    at /Users/nanda221/Code/one-console/node_modules/_nunjucks@3.0.1@nunjucks/src/environment.js:313:35
    at createTemplate (/Users/nanda221/Code/one-console/node_modules/_nunjucks@3.0.1@nunjucks/src/environment.js:235:25)
    at handle (/Users/nanda221/Code/one-console/node_modules/_nunjucks@3.0.1@nunjucks/src/environment.js:250:25)
    at /Users/nanda221/Code/one-console/node_modules/_nunjucks@3.0.1@nunjucks/src/environment.js:264:21
    at next (/Users/nanda221/Code/one-console/node_modules/_nunjucks@3.0.1@nunjucks/src/lib.js:207:13)
    at Object.exports.asyncIter (/Users/nanda221/Code/one-console/node_modules/_nunjucks@3.0.1@nunjucks/src/lib.js:214:5)
    at NunjucksEnvironment.getTemplate (/Users/nanda221/Code/one-console/node_modules/_nunjucks@3.0.1@nunjucks/src/environment.js:243:17)
    at NunjucksEnvironment.render (/Users/nanda221/Code/one-console/node_modules/_nunjucks@3.0.1@nunjucks/src/environment.js:305:14)
name: 'Template render error'
pid: 45491
hostname: nanda221deMacBook-Pro.local

2018-01-21 17:54:34,671 ERROR 45491 [-/127.0.0.1/-/1ms GET /image/new?tag=egg:0.1] nodejs.Template render error: (/Users/nanda221/Code/one-console/app/view/screen/image/new.nj) [Line 5, Column 56]
  expected symbol, got int
  expected symbol, got int
    at Object.exports.prettifyError (/Users/nanda221/Code/one-console/node_modules/_nunjucks@3.0.1@nunjucks/src/lib.js:34:15)
    at new_cls.render (/Users/nanda221/Code/one-console/node_modules/_nunjucks@3.0.1@nunjucks/src/environment.js:472:27)
    at /Users/nanda221/Code/one-console/node_modules/_nunjucks@3.0.1@nunjucks/src/environment.js:313:35
    at createTemplate (/Users/nanda221/Code/one-console/node_modules/_nunjucks@3.0.1@nunjucks/src/environment.js:235:25)
    at handle (/Users/nanda221/Code/one-console/node_modules/_nunjucks@3.0.1@nunjucks/src/environment.js:250:25)
    at /Users/nanda221/Code/one-console/node_modules/_nunjucks@3.0.1@nunjucks/src/environment.js:264:21
    at next (/Users/nanda221/Code/one-console/node_modules/_nunjucks@3.0.1@nunjucks/src/lib.js:207:13)
    at Object.exports.asyncIter (/Users/nanda221/Code/one-console/node_modules/_nunjucks@3.0.1@nunjucks/src/lib.js:214:5)
    at NunjucksEnvironment.getTemplate (/Users/nanda221/Code/one-console/node_modules/_nunjucks@3.0.1@nunjucks/src/environment.js:243:17)
    at NunjucksEnvironment.render (/Users/nanda221/Code/one-console/node_modules/_nunjucks@3.0.1@nunjucks/src/environment.js:305:14)
name: 'Template render error'
pid: 45491
hostname: nanda221deMacBook-Pro.local

2018-01-21 17:54:49,729 ERROR 45491 [-/127.0.0.1/-/4ms GET /image/new?tag=egg:0.1] nodejs.Template render error: (/Users/nanda221/Code/one-console/app/view/screen/image/new.nj)
  Error: filter not found: sadasd
  Error: filter not found: sadasd
    at Object.exports.prettifyError (/Users/nanda221/Code/one-console/node_modules/_nunjucks@3.0.1@nunjucks/src/lib.js:34:15)
    at /Users/nanda221/Code/one-console/node_modules/_nunjucks@3.0.1@nunjucks/src/environment.js:489:31
    at eval (eval at _compile (/Users/nanda221/Code/one-console/node_modules/_nunjucks@3.0.1@nunjucks/src/environment.js:568:24), <anonymous>:14:11)
    at b_main (eval at _compile (/Users/nanda221/Code/one-console/node_modules/_nunjucks@3.0.1@nunjucks/src/environment.js:568:24), <anonymous>:46:3)
    at eval (eval at _compile (/Users/nanda221/Code/one-console/node_modules/_nunjucks@3.0.1@nunjucks/src/environment.js:568:24), <anonymous>:13:83)
    at b_header (eval at _compile (/Users/nanda221/Code/one-console/node_modules/_nunjucks@3.0.1@nunjucks/src/environment.js:568:24), <anonymous>:34:1)
    at new_cls.root [as rootRenderFunc] (eval at _compile (/Users/nanda221/Code/one-console/node_modules/_nunjucks@3.0.1@nunjucks/src/environment.js:568:24), <anonymous>:9:85)
    at eval (eval at _compile (/Users/nanda221/Code/one-console/node_modules/_nunjucks@3.0.1@nunjucks/src/environment.js:568:24), <anonymous>:19:16)
    at eval (eval at _compile (/Users/nanda221/Code/one-console/node_modules/_nunjucks@3.0.1@nunjucks/src/environment.js:568:24), <anonymous>:15:46)
    at eval (eval at _compile (/Users/nanda221/Code/one-console/node_modules/_nunjucks@3.0.1@nunjucks/src/environment.js:568:24), <anonymous>:15:83)
name: 'Template render error'
pid: 45491
hostname: nanda221deMacBook-Pro.local

2018-01-21 17:57:59,893 ERROR 45788 [-/127.0.0.1/-/17ms POST /image] nodejs.TypeError: Cannot destructure property `image_id` of 'undefined' or 'null'.
    at OpsController.create (/Users/nanda221/Code/one-console/app/controller/image.js:28:61)
    at Object.callFn (/Users/nanda221/Code/one-console/node_modules/_egg-core@4.4.0@egg-core/lib/utils/index.js:44:21)
    at Object.classControllerMiddleware (/Users/nanda221/Code/one-console/node_modules/_egg-core@4.4.0@egg-core/lib/loader/mixin/controller.js:84:20)
    at Object.callFn (/Users/nanda221/Code/one-console/node_modules/_egg-core@4.4.0@egg-core/lib/utils/index.js:44:21)
    at wrappedController (/Users/nanda221/Code/one-console/node_modules/_egg-core@4.4.0@egg-core/lib/utils/router.js:322:18)
    at dispatch (/Users/nanda221/Code/one-console/node_modules/_koa-compose@3.2.1@koa-compose/index.js:44:32)
    at next (/Users/nanda221/Code/one-console/node_modules/_koa-compose@3.2.1@koa-compose/index.js:45:18)
    at /Users/nanda221/Code/one-console/node_modules/_koa-router@7.3.0@koa-router/lib/router.js:345:16
    at dispatch (/Users/nanda221/Code/one-console/node_modules/_koa-compose@3.2.1@koa-compose/index.js:44:32)
    at /Users/nanda221/Code/one-console/node_modules/_koa-compose@3.2.1@koa-compose/index.js:36:12

pid: 45788
hostname: nanda221deMacBook-Pro.local

2018-01-21 17:58:13,649 ERROR 45799 [-/127.0.0.1/-/14ms POST /image] nodejs.TypeError: Cannot destructure property `image_id` of 'undefined' or 'null'.
    at OpsController.create (/Users/nanda221/Code/one-console/app/controller/image.js:28:61)
    at Object.callFn (/Users/nanda221/Code/one-console/node_modules/_egg-core@4.4.0@egg-core/lib/utils/index.js:44:21)
    at Object.classControllerMiddleware (/Users/nanda221/Code/one-console/node_modules/_egg-core@4.4.0@egg-core/lib/loader/mixin/controller.js:84:20)
    at Object.callFn (/Users/nanda221/Code/one-console/node_modules/_egg-core@4.4.0@egg-core/lib/utils/index.js:44:21)
    at wrappedController (/Users/nanda221/Code/one-console/node_modules/_egg-core@4.4.0@egg-core/lib/utils/router.js:322:18)
    at dispatch (/Users/nanda221/Code/one-console/node_modules/_koa-compose@3.2.1@koa-compose/index.js:44:32)
    at next (/Users/nanda221/Code/one-console/node_modules/_koa-compose@3.2.1@koa-compose/index.js:45:18)
    at /Users/nanda221/Code/one-console/node_modules/_koa-router@7.3.0@koa-router/lib/router.js:345:16
    at dispatch (/Users/nanda221/Code/one-console/node_modules/_koa-compose@3.2.1@koa-compose/index.js:44:32)
    at /Users/nanda221/Code/one-console/node_modules/_koa-compose@3.2.1@koa-compose/index.js:36:12

pid: 45799
hostname: nanda221deMacBook-Pro.local

2018-01-21 18:18:27,016 ERROR 46221 [-/127.0.0.1/-/24ms POST /image] nodejs.Error: (HTTP code 500) server error - json: cannot unmarshal string into Go struct field ContainerConfigWrapper.ExposedPorts of type struct {}
 
 
    at /Users/nanda221/Code/one-console/node_modules/_docker-modem@1.0.4@docker-modem/lib/modem.js:254:17
    at getCause (/Users/nanda221/Code/one-console/node_modules/_docker-modem@1.0.4@docker-modem/lib/modem.js:284:7)
    at Modem.buildPayload (/Users/nanda221/Code/one-console/node_modules/_docker-modem@1.0.4@docker-modem/lib/modem.js:253:5)
    at IncomingMessage.<anonymous> (/Users/nanda221/Code/one-console/node_modules/_docker-modem@1.0.4@docker-modem/lib/modem.js:229:14)
    at emitNone (events.js:111:20)
    at IncomingMessage.emit (events.js:208:7)
    at endReadableNT (_stream_readable.js:1055:12)
    at _combinedTickCallback (internal/process/next_tick.js:138:11)
    at process._tickCallback (internal/process/next_tick.js:180:9)
reason: 'server error'
statusCode: 500
json: 'json: cannot unmarshal string into Go struct field ContainerConfigWrapper.ExposedPorts of type struct {}\n'
pid: 46221
hostname: nanda221deMacBook-Pro.local

2018-01-21 18:41:40,912 ERROR 46165 nodejs.ClusterClientNoResponseError: client no response in 826294ms exceeding maxIdleTime 60000ms, maybe the connection is close on other side.
    at Timeout.Leader._heartbeatTimer.setInterval [as _onTimeout] (/Users/nanda221/Code/one-console/node_modules/_cluster-client@1.7.1@cluster-client/lib/leader.js:73:23)
    at ontimeout (timers.js:475:11)
    at tryOnTimeout (timers.js:310:5)
    at Timer.listOnTimeout (timers.js:270:5)
name: 'ClusterClientNoResponseError'
pid: 46165
hostname: nanda221deMacBook-Pro.local

2018-01-21 19:34:46,785 ERROR 46165 nodejs.ClusterClientNoResponseError: client no response in 101384ms exceeding maxIdleTime 60000ms, maybe the connection is close on other side.
    at Timeout.Leader._heartbeatTimer.setInterval [as _onTimeout] (/Users/nanda221/Code/one-console/node_modules/_cluster-client@1.7.1@cluster-client/lib/leader.js:73:23)
    at ontimeout (timers.js:475:11)
    at tryOnTimeout (timers.js:310:5)
    at Timer.listOnTimeout (timers.js:270:5)
name: 'ClusterClientNoResponseError'
pid: 46165
hostname: nanda221deMacBook-Pro.local

2018-01-21 19:48:54,907 ERROR 47374 nodejs.TypeError: callback is not a function (uncaughtException throw 1 times on pid:47374)
    at /Users/nanda221/Code/one-console/node_modules/_dockerode@2.5.3@dockerode/lib/docker.js:73:23
    at /Users/nanda221/Code/one-console/node_modules/_docker-modem@1.0.4@docker-modem/lib/modem.js:262:7
    at getCause (/Users/nanda221/Code/one-console/node_modules/_docker-modem@1.0.4@docker-modem/lib/modem.js:284:7)
    at Modem.buildPayload (/Users/nanda221/Code/one-console/node_modules/_docker-modem@1.0.4@docker-modem/lib/modem.js:253:5)
    at IncomingMessage.<anonymous> (/Users/nanda221/Code/one-console/node_modules/_docker-modem@1.0.4@docker-modem/lib/modem.js:229:14)
    at emitNone (events.js:111:20)
    at IncomingMessage.emit (events.js:208:7)
    at endReadableNT (_stream_readable.js:1055:12)
    at _combinedTickCallback (internal/process/next_tick.js:138:11)
    at process._tickCallback (internal/process/next_tick.js:180:9)

pid: 47374
hostname: nanda221deMacBook-Pro.local

2018-01-21 20:09:15,265 ERROR 47842 [-/127.0.0.1/-/23ms POST /image/run] nodejs.Error: (HTTP code 404) no such container - No such image: 5ec189b911f3:latest 
    at /Users/nanda221/Code/one-console/node_modules/_docker-modem@1.0.4@docker-modem/lib/modem.js:254:17
    at getCause (/Users/nanda221/Code/one-console/node_modules/_docker-modem@1.0.4@docker-modem/lib/modem.js:284:7)
    at Modem.buildPayload (/Users/nanda221/Code/one-console/node_modules/_docker-modem@1.0.4@docker-modem/lib/modem.js:253:5)
    at IncomingMessage.<anonymous> (/Users/nanda221/Code/one-console/node_modules/_docker-modem@1.0.4@docker-modem/lib/modem.js:229:14)
    at emitNone (events.js:111:20)
    at IncomingMessage.emit (events.js:208:7)
    at endReadableNT (_stream_readable.js:1055:12)
    at _combinedTickCallback (internal/process/next_tick.js:138:11)
    at process._tickCallback (internal/process/next_tick.js:180:9)
reason: 'no such container'
statusCode: 404
json: { message: 'No such image: 5ec189b911f3:latest' }
pid: 47842
hostname: nanda221deMacBook-Pro.local

2018-01-21 20:15:55,638 ERROR 48031 [-/127.0.0.1/-/18ms POST /image/run] nodejs.SyntaxError: Identifier 'container' has already been declared
    at Object.callFn (/Users/nanda221/Code/one-console/node_modules/_egg-core@4.4.0@egg-core/lib/utils/index.js:44:21)
    at Object.classControllerMiddleware (/Users/nanda221/Code/one-console/node_modules/_egg-core@4.4.0@egg-core/lib/loader/mixin/controller.js:84:20)
    at Object.callFn (/Users/nanda221/Code/one-console/node_modules/_egg-core@4.4.0@egg-core/lib/utils/index.js:44:21)
    at wrappedController (/Users/nanda221/Code/one-console/node_modules/_egg-core@4.4.0@egg-core/lib/utils/router.js:322:18)
    at dispatch (/Users/nanda221/Code/one-console/node_modules/_koa-compose@3.2.1@koa-compose/index.js:44:32)
    at next (/Users/nanda221/Code/one-console/node_modules/_koa-compose@3.2.1@koa-compose/index.js:45:18)
    at /Users/nanda221/Code/one-console/node_modules/_koa-router@7.3.0@koa-router/lib/router.js:345:16
    at dispatch (/Users/nanda221/Code/one-console/node_modules/_koa-compose@3.2.1@koa-compose/index.js:44:32)
    at /Users/nanda221/Code/one-console/node_modules/_koa-compose@3.2.1@koa-compose/index.js:36:12
    at dispatch (/Users/nanda221/Code/one-console/node_modules/_koa-router@7.3.0@koa-router/lib/router.js:350:31)

pid: 48031
hostname: nanda221deMacBook-Pro.local

2018-01-21 20:16:20,255 ERROR 48046 nodejs.unhandledRejectionError: (HTTP code 400) unexpected - starting container with non-empty request body was deprecated since API v1.22 and removed in v1.24 
    at /Users/nanda221/Code/one-console/node_modules/_docker-modem@1.0.4@docker-modem/lib/modem.js:254:17
    at getCause (/Users/nanda221/Code/one-console/node_modules/_docker-modem@1.0.4@docker-modem/lib/modem.js:284:7)
    at Modem.buildPayload (/Users/nanda221/Code/one-console/node_modules/_docker-modem@1.0.4@docker-modem/lib/modem.js:253:5)
    at IncomingMessage.<anonymous> (/Users/nanda221/Code/one-console/node_modules/_docker-modem@1.0.4@docker-modem/lib/modem.js:229:14)
    at emitNone (events.js:111:20)
    at IncomingMessage.emit (events.js:208:7)
    at endReadableNT (_stream_readable.js:1055:12)
    at _combinedTickCallback (internal/process/next_tick.js:138:11)
    at process._tickCallback (internal/process/next_tick.js:180:9)
reason: undefined
statusCode: 400
json: { message: 'starting container with non-empty request body was deprecated since API v1.22 and removed in v1.24' }
name: 'unhandledRejectionError'
pid: 48046
hostname: nanda221deMacBook-Pro.local

2018-01-21 20:18:04,295 ERROR 48110 nodejs.unhandledRejectionError: (HTTP code 400) unexpected - starting container with non-empty request body was deprecated since API v1.22 and removed in v1.24 
    at /Users/nanda221/Code/one-console/node_modules/_docker-modem@1.0.4@docker-modem/lib/modem.js:254:17
    at getCause (/Users/nanda221/Code/one-console/node_modules/_docker-modem@1.0.4@docker-modem/lib/modem.js:284:7)
    at Modem.buildPayload (/Users/nanda221/Code/one-console/node_modules/_docker-modem@1.0.4@docker-modem/lib/modem.js:253:5)
    at IncomingMessage.<anonymous> (/Users/nanda221/Code/one-console/node_modules/_docker-modem@1.0.4@docker-modem/lib/modem.js:229:14)
    at emitNone (events.js:111:20)
    at IncomingMessage.emit (events.js:208:7)
    at endReadableNT (_stream_readable.js:1055:12)
    at _combinedTickCallback (internal/process/next_tick.js:138:11)
    at process._tickCallback (internal/process/next_tick.js:180:9)
reason: undefined
statusCode: 400
json: { message: 'starting container with non-empty request body was deprecated since API v1.22 and removed in v1.24' }
name: 'unhandledRejectionError'
pid: 48110
hostname: nanda221deMacBook-Pro.local

2018-01-21 20:21:21,643 ERROR 48159 [-/127.0.0.1/-/15ms POST /image] nodejs.ReferenceError: container_name is not defined
    at OpsController.create (/Users/nanda221/Code/one-console/app/controller/image.js:29:49)
    at Object.callFn (/Users/nanda221/Code/one-console/node_modules/_egg-core@4.4.0@egg-core/lib/utils/index.js:44:21)
    at Object.classControllerMiddleware (/Users/nanda221/Code/one-console/node_modules/_egg-core@4.4.0@egg-core/lib/loader/mixin/controller.js:84:20)
    at Object.callFn (/Users/nanda221/Code/one-console/node_modules/_egg-core@4.4.0@egg-core/lib/utils/index.js:44:21)
    at wrappedController (/Users/nanda221/Code/one-console/node_modules/_egg-core@4.4.0@egg-core/lib/utils/router.js:322:18)
    at dispatch (/Users/nanda221/Code/one-console/node_modules/_koa-compose@3.2.1@koa-compose/index.js:44:32)
    at next (/Users/nanda221/Code/one-console/node_modules/_koa-compose@3.2.1@koa-compose/index.js:45:18)
    at /Users/nanda221/Code/one-console/node_modules/_koa-router@7.3.0@koa-router/lib/router.js:345:16
    at dispatch (/Users/nanda221/Code/one-console/node_modules/_koa-compose@3.2.1@koa-compose/index.js:44:32)
    at /Users/nanda221/Code/one-console/node_modules/_koa-compose@3.2.1@koa-compose/index.js:36:12

pid: 48159
hostname: nanda221deMacBook-Pro.local

2018-01-21 20:22:18,049 ERROR 48186 [-/127.0.0.1/-/14ms POST /image] nodejs.ReferenceError: images_id is not defined
    at OpsController.create (/Users/nanda221/Code/one-console/app/controller/image.js:29:49)
    at Object.callFn (/Users/nanda221/Code/one-console/node_modules/_egg-core@4.4.0@egg-core/lib/utils/index.js:44:21)
    at Object.classControllerMiddleware (/Users/nanda221/Code/one-console/node_modules/_egg-core@4.4.0@egg-core/lib/loader/mixin/controller.js:84:20)
    at Object.callFn (/Users/nanda221/Code/one-console/node_modules/_egg-core@4.4.0@egg-core/lib/utils/index.js:44:21)
    at wrappedController (/Users/nanda221/Code/one-console/node_modules/_egg-core@4.4.0@egg-core/lib/utils/router.js:322:18)
    at dispatch (/Users/nanda221/Code/one-console/node_modules/_koa-compose@3.2.1@koa-compose/index.js:44:32)
    at next (/Users/nanda221/Code/one-console/node_modules/_koa-compose@3.2.1@koa-compose/index.js:45:18)
    at /Users/nanda221/Code/one-console/node_modules/_koa-router@7.3.0@koa-router/lib/router.js:345:16
    at dispatch (/Users/nanda221/Code/one-console/node_modules/_koa-compose@3.2.1@koa-compose/index.js:44:32)
    at /Users/nanda221/Code/one-console/node_modules/_koa-compose@3.2.1@koa-compose/index.js:36:12

pid: 48186
hostname: nanda221deMacBook-Pro.local

2018-01-21 20:22:41,908 ERROR 48200 [-/127.0.0.1/-/137ms POST /image] nodejs.Error: (HTTP code 400) unexpected - starting container with non-empty request body was deprecated since API v1.22 and removed in v1.24 
    at /Users/nanda221/Code/one-console/node_modules/_docker-modem@1.0.4@docker-modem/lib/modem.js:254:17
    at getCause (/Users/nanda221/Code/one-console/node_modules/_docker-modem@1.0.4@docker-modem/lib/modem.js:284:7)
    at Modem.buildPayload (/Users/nanda221/Code/one-console/node_modules/_docker-modem@1.0.4@docker-modem/lib/modem.js:253:5)
    at IncomingMessage.<anonymous> (/Users/nanda221/Code/one-console/node_modules/_docker-modem@1.0.4@docker-modem/lib/modem.js:229:14)
    at emitNone (events.js:111:20)
    at IncomingMessage.emit (events.js:208:7)
    at endReadableNT (_stream_readable.js:1055:12)
    at _combinedTickCallback (internal/process/next_tick.js:138:11)
    at process._tickCallback (internal/process/next_tick.js:180:9)
reason: undefined
statusCode: 400
json: { message: 'starting container with non-empty request body was deprecated since API v1.22 and removed in v1.24' }
pid: 48200
hostname: nanda221deMacBook-Pro.local

2018-01-21 20:25:06,043 ERROR 48285 [-/127.0.0.1/-/373ms POST /image] nodejs.Error: (HTTP code 500) server error - driver failed programming external connectivity on endpoint objective_jang (c237f5dc32aa74269578228b67d41d0537022f6d5563fc01d4e838866aaa8f9f): Bind for 0.0.0.0:10112 failed: port is already allocated 
    at /Users/nanda221/Code/one-console/node_modules/_docker-modem@1.0.4@docker-modem/lib/modem.js:254:17
    at getCause (/Users/nanda221/Code/one-console/node_modules/_docker-modem@1.0.4@docker-modem/lib/modem.js:284:7)
    at Modem.buildPayload (/Users/nanda221/Code/one-console/node_modules/_docker-modem@1.0.4@docker-modem/lib/modem.js:253:5)
    at IncomingMessage.<anonymous> (/Users/nanda221/Code/one-console/node_modules/_docker-modem@1.0.4@docker-modem/lib/modem.js:229:14)
    at emitNone (events.js:111:20)
    at IncomingMessage.emit (events.js:208:7)
    at endReadableNT (_stream_readable.js:1055:12)
    at _combinedTickCallback (internal/process/next_tick.js:138:11)
    at process._tickCallback (internal/process/next_tick.js:180:9)
reason: 'server error'
statusCode: 500
json: { message: 'driver failed programming external connectivity on endpoint objective_jang (c237f5dc32aa74269578228b67d41d0537022f6d5563fc01d4e838866aaa8f9f): Bind for 0.0.0.0:10112 failed: port is already allocated' }
pid: 48285
hostname: nanda221deMacBook-Pro.local

2018-01-21 20:25:10,433 ERROR 48285 [-/127.0.0.1/-/314ms POST /image] nodejs.Error: (HTTP code 500) server error - driver failed programming external connectivity on endpoint elastic_jackson (6f30d919b29d5eef85ee76bc796d4530bfbc0d7da840d33b8545fcb76f4f786c): Bind for 0.0.0.0:8081 failed: port is already allocated 
    at /Users/nanda221/Code/one-console/node_modules/_docker-modem@1.0.4@docker-modem/lib/modem.js:254:17
    at getCause (/Users/nanda221/Code/one-console/node_modules/_docker-modem@1.0.4@docker-modem/lib/modem.js:284:7)
    at Modem.buildPayload (/Users/nanda221/Code/one-console/node_modules/_docker-modem@1.0.4@docker-modem/lib/modem.js:253:5)
    at IncomingMessage.<anonymous> (/Users/nanda221/Code/one-console/node_modules/_docker-modem@1.0.4@docker-modem/lib/modem.js:229:14)
    at emitNone (events.js:111:20)
    at IncomingMessage.emit (events.js:208:7)
    at endReadableNT (_stream_readable.js:1055:12)
    at _combinedTickCallback (internal/process/next_tick.js:138:11)
    at process._tickCallback (internal/process/next_tick.js:180:9)
reason: 'server error'
statusCode: 500
json: { message: 'driver failed programming external connectivity on endpoint elastic_jackson (6f30d919b29d5eef85ee76bc796d4530bfbc0d7da840d33b8545fcb76f4f786c): Bind for 0.0.0.0:8081 failed: port is already allocated' }
pid: 48285
hostname: nanda221deMacBook-Pro.local

2018-01-21 20:26:49,047 ERROR 48329 [-/127.0.0.1/-/294ms POST /image] nodejs.Error: (HTTP code 500) server error - driver failed programming external connectivity on endpoint hopeful_turing (e18fd7e11291672a2aa1678c939d92188d65f8a42b258a2587a4eafd6c723d22): Bind for 0.0.0.0:8081 failed: port is already allocated 
    at /Users/nanda221/Code/one-console/node_modules/_docker-modem@1.0.4@docker-modem/lib/modem.js:254:17
    at getCause (/Users/nanda221/Code/one-console/node_modules/_docker-modem@1.0.4@docker-modem/lib/modem.js:284:7)
    at Modem.buildPayload (/Users/nanda221/Code/one-console/node_modules/_docker-modem@1.0.4@docker-modem/lib/modem.js:253:5)
    at IncomingMessage.<anonymous> (/Users/nanda221/Code/one-console/node_modules/_docker-modem@1.0.4@docker-modem/lib/modem.js:229:14)
    at emitNone (events.js:111:20)
    at IncomingMessage.emit (events.js:208:7)
    at endReadableNT (_stream_readable.js:1055:12)
    at _combinedTickCallback (internal/process/next_tick.js:138:11)
    at process._tickCallback (internal/process/next_tick.js:180:9)
reason: 'server error'
statusCode: 500
json: { message: 'driver failed programming external connectivity on endpoint hopeful_turing (e18fd7e11291672a2aa1678c939d92188d65f8a42b258a2587a4eafd6c723d22): Bind for 0.0.0.0:8081 failed: port is already allocated' }
pid: 48329
hostname: nanda221deMacBook-Pro.local

2018-01-21 20:31:00,135 ERROR 48517 [-/127.0.0.1/-/293ms POST /image] nodejs.Error: (HTTP code 500) server error - driver failed programming external connectivity on endpoint angry_benz (528d2e1e2829ca21b2577c08295952575913802994c84f74f49c5b6c3435f57e): Bind for 0.0.0.0:8081 failed: port is already allocated 
    at /Users/nanda221/Code/one-console/node_modules/_docker-modem@1.0.4@docker-modem/lib/modem.js:254:17
    at getCause (/Users/nanda221/Code/one-console/node_modules/_docker-modem@1.0.4@docker-modem/lib/modem.js:284:7)
    at Modem.buildPayload (/Users/nanda221/Code/one-console/node_modules/_docker-modem@1.0.4@docker-modem/lib/modem.js:253:5)
    at IncomingMessage.<anonymous> (/Users/nanda221/Code/one-console/node_modules/_docker-modem@1.0.4@docker-modem/lib/modem.js:229:14)
    at emitNone (events.js:111:20)
    at IncomingMessage.emit (events.js:208:7)
    at endReadableNT (_stream_readable.js:1055:12)
    at _combinedTickCallback (internal/process/next_tick.js:138:11)
    at process._tickCallback (internal/process/next_tick.js:180:9)
reason: 'server error'
statusCode: 500
json: { message: 'driver failed programming external connectivity on endpoint angry_benz (528d2e1e2829ca21b2577c08295952575913802994c84f74f49c5b6c3435f57e): Bind for 0.0.0.0:8081 failed: port is already allocated' }
pid: 48517
hostname: nanda221deMacBook-Pro.local

2018-01-21 20:34:57,159 ERROR 48628 [-/127.0.0.1/-/325ms POST /image] nodejs.Error: (HTTP code 500) server error - driver failed programming external connectivity on endpoint focused_lewin (2442cf00035feb759ebff64c4cdfbea19868160f4cd1b06ab3e3eada8491d4ac): Bind for 0.0.0.0:8081 failed: port is already allocated 
    at /Users/nanda221/Code/one-console/node_modules/_docker-modem@1.0.4@docker-modem/lib/modem.js:254:17
    at getCause (/Users/nanda221/Code/one-console/node_modules/_docker-modem@1.0.4@docker-modem/lib/modem.js:284:7)
    at Modem.buildPayload (/Users/nanda221/Code/one-console/node_modules/_docker-modem@1.0.4@docker-modem/lib/modem.js:253:5)
    at IncomingMessage.<anonymous> (/Users/nanda221/Code/one-console/node_modules/_docker-modem@1.0.4@docker-modem/lib/modem.js:229:14)
    at emitNone (events.js:111:20)
    at IncomingMessage.emit (events.js:208:7)
    at endReadableNT (_stream_readable.js:1055:12)
    at _combinedTickCallback (internal/process/next_tick.js:138:11)
    at process._tickCallback (internal/process/next_tick.js:180:9)
reason: 'server error'
statusCode: 500
json: { message: 'driver failed programming external connectivity on endpoint focused_lewin (2442cf00035feb759ebff64c4cdfbea19868160f4cd1b06ab3e3eada8491d4ac): Bind for 0.0.0.0:8081 failed: port is already allocated' }
pid: 48628
hostname: nanda221deMacBook-Pro.local

